<?xml version="1.0" encoding="utf-8"?><testsuites name="pytest tests"><testsuite name="pytest" errors="0" failures="0" skipped="0" tests="21" time="7.874" timestamp="2026-04-17T05:40:31.575740+00:00" hostname="agent-env-d4272df0-42ff-4a7a-82e4-54a5ee1d84ca"><testcase classname="backend.tests.test_evmart_api.TestHealthAndProducts" name="test_api_health" time="0.297" /><testcase classname="backend.tests.test_evmart_api.TestHealthAndProducts" name="test_get_all_products" time="0.104" /><testcase classname="backend.tests.test_evmart_api.TestHealthAndProducts" name="test_get_single_product" time="0.257" /><testcase classname="backend.tests.test_evmart_api.TestHealthAndProducts" name="test_get_nonexistent_product" time="0.102" /><testcase classname="backend.tests.test_evmart_api.TestAuth" name="test_admin_login_success" time="0.343" /><testcase classname="backend.tests.test_evmart_api.TestAuth" name="test_login_wrong_password" time="0.326" /><testcase classname="backend.tests.test_evmart_api.TestAuth" name="test_login_nonexistent_user" time="0.102" /><testcase classname="backend.tests.test_evmart_api.TestAuth" name="test_register_new_user" time="0.328" /><testcase classname="backend.tests.test_evmart_api.TestAuth" name="test_register_duplicate_email" time="0.141" /><testcase classname="backend.tests.test_evmart_api.TestAuth" name="test_get_me_with_token" time="0.448" /><testcase classname="backend.tests.test_evmart_api.TestAuth" name="test_get_me_without_token" time="0.140" /><testcase classname="backend.tests.test_evmart_api.TestAdminProductOperations" name="test_create_product_without_token" time="0.104" /><testcase classname="backend.tests.test_evmart_api.TestAdminProductOperations" name="test_create_product_with_customer_token" time="0.490" /><testcase classname="backend.tests.test_evmart_api.TestAdminProductOperations" name="test_create_product_with_admin_token" time="0.474" /><testcase classname="backend.tests.test_evmart_api.TestAdminProductOperations" name="test_update_product_admin_only" time="0.531" /><testcase classname="backend.tests.test_evmart_api.TestAdminProductOperations" name="test_delete_product_admin_only" time="0.786" /><testcase classname="backend.tests.test_evmart_api.TestOrders" name="test_create_order_requires_auth" time="0.113" /><testcase classname="backend.tests.test_evmart_api.TestOrders" name="test_create_order_success" time="0.563" /><testcase classname="backend.tests.test_evmart_api.TestOrders" name="test_get_my_orders" time="0.674" /><testcase classname="backend.tests.test_evmart_api.TestOrders" name="test_get_all_orders_admin_only" time="0.880" /><testcase classname="backend.tests.test_evmart_api.TestOrders" name="test_create_order_empty_cart" time="0.436" /></testsuite></testsuites>